[31m{"level":"error","message":"Error Message","ms":"+0ms","timestamp":"2024-05-31T16:12:02.144Z"}[39m
[33m{"level":"warn","message":"Warn Message","ms":"+2ms","timestamp":"2024-05-31T16:12:02.146Z"}[39m
[32m{"level":"info","message":"Info Message","ms":"+0ms","timestamp":"2024-05-31T16:12:02.146Z"}[39m
[32m{"level":"http","message":"HTTP Message","ms":"+1ms","timestamp":"2024-05-31T16:12:02.147Z"}[39m
[34m{"level":"debug","message":"Debug Message","ms":"+0ms","timestamp":"2024-05-31T16:12:02.147Z"}[39m
[36m{"level":"verbose","message":"Verbose Message","ms":"+0ms","timestamp":"2024-05-31T16:12:02.147Z"}[39m
[31m{"level":"error","message":"Error Message","ms":"+0ms","timestamp":"2024-05-31T16:13:07.763Z"}[39m
[33m{"level":"warn","message":"Warn Message","ms":"+1ms","timestamp":"2024-05-31T16:13:07.764Z"}[39m
[32m{"level":"info","message":"Info Message","ms":"+0ms","timestamp":"2024-05-31T16:13:07.764Z"}[39m
[32m{"level":"http","message":"HTTP Message","ms":"+0ms","timestamp":"2024-05-31T16:13:07.764Z"}[39m
[34m{"level":"debug","message":"Debug Message","ms":"+1ms","timestamp":"2024-05-31T16:13:07.765Z"}[39m
[36m{"level":"verbose","message":"Verbose Message","ms":"+0ms","timestamp":"2024-05-31T16:13:07.765Z"}[39m
[31m{"level":"error","message":"Error Message","ms":"+0ms","timestamp":"2024-05-31T16:14:26.752Z"}[39m
[33m{"level":"warn","message":"Warn Message","ms":"+1ms","timestamp":"2024-05-31T16:14:26.753Z"}[39m
[32m{"level":"info","message":"Info Message","ms":"+1ms","timestamp":"2024-05-31T16:14:26.754Z"}[39m
[32m{"level":"http","message":"HTTP Message","ms":"+0ms","timestamp":"2024-05-31T16:14:26.754Z"}[39m
[34m{"level":"debug","message":"Debug Message","ms":"+0ms","timestamp":"2024-05-31T16:14:26.754Z"}[39m
[36m{"level":"verbose","message":"Verbose Message","ms":"+0ms","timestamp":"2024-05-31T16:14:26.754Z"}[39m
[31m{"level":"error","message":"Error Message","ms":"+0ms","timestamp":"2024-05-31T16:17:26.446Z"}[39m
[33m{"level":"warn","message":"Warn Message","ms":"+1ms","timestamp":"2024-05-31T16:17:26.447Z"}[39m
[32m{"level":"info","message":"Info Message","ms":"+0ms","timestamp":"2024-05-31T16:17:26.447Z"}[39m
[32m{"level":"http","message":"HTTP Message","ms":"+0ms","timestamp":"2024-05-31T16:17:26.447Z"}[39m
[34m{"level":"debug","message":"Debug Message","ms":"+0ms","timestamp":"2024-05-31T16:17:26.447Z"}[39m
[36m{"level":"verbose","message":"Verbose Message","ms":"+0ms","timestamp":"2024-05-31T16:17:26.447Z"}[39m
[31m{"level":"error","message":"Error Message","ms":"+0ms","timestamp":"2024-05-31T16:17:44.697Z"}[39m
[33m{"level":"warn","message":"Warn Message","ms":"+1ms","timestamp":"2024-05-31T16:17:44.698Z"}[39m
[32m{"level":"info","message":"Info Message","ms":"+0ms","timestamp":"2024-05-31T16:17:44.698Z"}[39m
[32m{"level":"http","message":"HTTP Message","ms":"+1ms","timestamp":"2024-05-31T16:17:44.699Z"}[39m
[34m{"level":"debug","message":"Debug Message","ms":"+0ms","timestamp":"2024-05-31T16:17:44.699Z"}[39m
[36m{"level":"verbose","message":"Verbose Message","ms":"+0ms","timestamp":"2024-05-31T16:17:44.699Z"}[39m
[31m{"level":"error","message":"Error Message","ms":"+0ms","timestamp":"2024-05-31T16:18:55.781Z"}[39m
[33m{"level":"warn","message":"Warn Message","ms":"+0ms","timestamp":"2024-05-31T16:18:55.781Z"}[39m
[32m{"level":"info","message":"Info Message","ms":"+1ms","timestamp":"2024-05-31T16:18:55.782Z"}[39m
[32m{"level":"http","message":"HTTP Message","ms":"+0ms","timestamp":"2024-05-31T16:18:55.782Z"}[39m
[34m{"level":"debug","message":"Debug Message","ms":"+0ms","timestamp":"2024-05-31T16:18:55.782Z"}[39m
[36m{"level":"verbose","message":"Verbose Message","ms":"+0ms","timestamp":"2024-05-31T16:18:55.782Z"}[39m
[31m{"level":"error","message":"Error Message","ms":"+0ms","timestamp":"2024-05-31T16:19:03.065Z"}[39m
[33m{"level":"warn","message":"Warn Message","ms":"+1ms","timestamp":"2024-05-31T16:19:03.066Z"}[39m
[32m{"level":"info","message":"Info Message","ms":"+0ms","timestamp":"2024-05-31T16:19:03.066Z"}[39m
[32m{"level":"http","message":"HTTP Message","ms":"+1ms","timestamp":"2024-05-31T16:19:03.067Z"}[39m
[34m{"level":"debug","message":"Debug Message","ms":"+0ms","timestamp":"2024-05-31T16:19:03.067Z"}[39m
[36m{"level":"verbose","message":"Verbose Message","ms":"+0ms","timestamp":"2024-05-31T16:19:03.067Z"}[39m
[31m{"level":"error","message":"Error Message","ms":"+0ms","timestamp":"2024-05-31T16:19:14.104Z"}[39m
[33m{"level":"warn","message":"Warn Message","ms":"+1ms","timestamp":"2024-05-31T16:19:14.105Z"}[39m
[32m{"level":"info","message":"Info Message","ms":"+0ms","timestamp":"2024-05-31T16:19:14.105Z"}[39m
[32m{"level":"http","message":"HTTP Message","ms":"+0ms","timestamp":"2024-05-31T16:19:14.105Z"}[39m
[34m{"level":"debug","message":"Debug Message","ms":"+1ms","timestamp":"2024-05-31T16:19:14.106Z"}[39m
[36m{"level":"verbose","message":"Verbose Message","ms":"+0ms","timestamp":"2024-05-31T16:19:14.106Z"}[39m
[31m{"level":"error","message":"Error Message","ms":"+0ms","timestamp":"2024-05-31T16:19:14.121Z"}[39m
[33m{"level":"warn","message":"Warn Message","ms":"+1ms","timestamp":"2024-05-31T16:19:14.122Z"}[39m
[32m{"level":"info","message":"Info Message","ms":"+0ms","timestamp":"2024-05-31T16:19:14.122Z"}[39m
[32m{"level":"http","message":"HTTP Message","ms":"+1ms","timestamp":"2024-05-31T16:19:14.123Z"}[39m
[34m{"level":"debug","message":"Debug Message","ms":"+0ms","timestamp":"2024-05-31T16:19:14.123Z"}[39m
[36m{"level":"verbose","message":"Verbose Message","ms":"+0ms","timestamp":"2024-05-31T16:19:14.123Z"}[39m
[31m{"level":"error","message":"Error Message","ms":"+0ms","timestamp":"2024-05-31T16:19:17.037Z"}[39m
[33m{"level":"warn","message":"Warn Message","ms":"+1ms","timestamp":"2024-05-31T16:19:17.038Z"}[39m
[32m{"level":"info","message":"Info Message","ms":"+0ms","timestamp":"2024-05-31T16:19:17.038Z"}[39m
[32m{"level":"http","message":"HTTP Message","ms":"+0ms","timestamp":"2024-05-31T16:19:17.038Z"}[39m
[34m{"level":"debug","message":"Debug Message","ms":"+0ms","timestamp":"2024-05-31T16:19:17.038Z"}[39m
[36m{"level":"verbose","message":"Verbose Message","ms":"+0ms","timestamp":"2024-05-31T16:19:17.038Z"}[39m
[31m{"level":"error","message":"Error Message","ms":"+0ms","timestamp":"2024-05-31T16:19:19.744Z"}[39m
[33m{"level":"warn","message":"Warn Message","ms":"+1ms","timestamp":"2024-05-31T16:19:19.745Z"}[39m
[32m{"level":"info","message":"Info Message","ms":"+0ms","timestamp":"2024-05-31T16:19:19.745Z"}[39m
[32m{"level":"http","message":"HTTP Message","ms":"+0ms","timestamp":"2024-05-31T16:19:19.745Z"}[39m
[34m{"level":"debug","message":"Debug Message","ms":"+0ms","timestamp":"2024-05-31T16:19:19.745Z"}[39m
[36m{"level":"verbose","message":"Verbose Message","ms":"+0ms","timestamp":"2024-05-31T16:19:19.745Z"}[39m
[31m{"level":"error","message":"Error Message","ms":"+0ms","timestamp":"2024-05-31T16:19:19.796Z"}[39m
[33m{"level":"warn","message":"Warn Message","ms":"+1ms","timestamp":"2024-05-31T16:19:19.797Z"}[39m
[32m{"level":"info","message":"Info Message","ms":"+0ms","timestamp":"2024-05-31T16:19:19.797Z"}[39m
[32m{"level":"http","message":"HTTP Message","ms":"+0ms","timestamp":"2024-05-31T16:19:19.797Z"}[39m
[34m{"level":"debug","message":"Debug Message","ms":"+0ms","timestamp":"2024-05-31T16:19:19.797Z"}[39m
[36m{"level":"verbose","message":"Verbose Message","ms":"+0ms","timestamp":"2024-05-31T16:19:19.797Z"}[39m
[31m{"level":"error","message":"Error Message","ms":"+0ms","timestamp":"2024-05-31T16:22:00.953Z"}[39m
[33m{"level":"warn","message":"Warn Message","ms":"+1ms","timestamp":"2024-05-31T16:22:00.954Z"}[39m
[32m{"level":"info","message":"Info Message","ms":"+0ms","timestamp":"2024-05-31T16:22:00.954Z"}[39m
[32m{"level":"http","message":"HTTP Message","ms":"+1ms","timestamp":"2024-05-31T16:22:00.955Z"}[39m
[34m{"level":"debug","message":"Debug Message","ms":"+0ms","timestamp":"2024-05-31T16:22:00.955Z"}[39m
[36m{"level":"verbose","message":"Verbose Message","ms":"+0ms","timestamp":"2024-05-31T16:22:00.955Z"}[39m
[31m{"level":"error","message":"Error Message","ms":"+0ms","timestamp":"2024-05-31T16:22:01.026Z"}[39m
[33m{"level":"warn","message":"Warn Message","ms":"+1ms","timestamp":"2024-05-31T16:22:01.027Z"}[39m
[32m{"level":"info","message":"Info Message","ms":"+0ms","timestamp":"2024-05-31T16:22:01.027Z"}[39m
[32m{"level":"http","message":"HTTP Message","ms":"+0ms","timestamp":"2024-05-31T16:22:01.027Z"}[39m
[34m{"level":"debug","message":"Debug Message","ms":"+1ms","timestamp":"2024-05-31T16:22:01.028Z"}[39m
[36m{"level":"verbose","message":"Verbose Message","ms":"+0ms","timestamp":"2024-05-31T16:22:01.028Z"}[39m
[31m{"level":"error","message":"Error Message","ms":"+0ms","timestamp":"2024-05-31T16:22:57.244Z"}[39m
[33m{"level":"warn","message":"Warn Message","ms":"+1ms","timestamp":"2024-05-31T16:22:57.245Z"}[39m
[32m{"level":"info","message":"Info Message","ms":"+0ms","timestamp":"2024-05-31T16:22:57.245Z"}[39m
[32m{"level":"http","message":"HTTP Message","ms":"+0ms","timestamp":"2024-05-31T16:22:57.245Z"}[39m
[34m{"level":"debug","message":"Debug Message","ms":"+0ms","timestamp":"2024-05-31T16:22:57.245Z"}[39m
[36m{"level":"verbose","message":"Verbose Message","ms":"+0ms","timestamp":"2024-05-31T16:22:57.245Z"}[39m
[31m{"level":"error","message":"Error Message","ms":"+0ms","timestamp":"2024-05-31T16:22:57.256Z"}[39m
[33m{"level":"warn","message":"Warn Message","ms":"+1ms","timestamp":"2024-05-31T16:22:57.258Z"}[39m
[32m{"level":"info","message":"Info Message","ms":"+0ms","timestamp":"2024-05-31T16:22:57.258Z"}[39m
[32m{"level":"http","message":"HTTP Message","ms":"+0ms","timestamp":"2024-05-31T16:22:57.258Z"}[39m
[34m{"level":"debug","message":"Debug Message","ms":"+0ms","timestamp":"2024-05-31T16:22:57.258Z"}[39m
[36m{"level":"verbose","message":"Verbose Message","ms":"+0ms","timestamp":"2024-05-31T16:22:57.258Z"}[39m
[31m{"level":"error","message":"Error Message","ms":"+0ms","timestamp":"2024-05-31T16:24:54.709Z"}[39m
[33m{"level":"warn","message":"Warn Message","ms":"+5ms","timestamp":"2024-05-31T16:24:54.714Z"}[39m
[32m{"level":"info","message":"Info Message","ms":"+0ms","timestamp":"2024-05-31T16:24:54.714Z"}[39m
[32m{"level":"http","message":"HTTP Message","ms":"+0ms","timestamp":"2024-05-31T16:24:54.714Z"}[39m
[34m{"level":"debug","message":"Debug Message","ms":"+1ms","timestamp":"2024-05-31T16:24:54.715Z"}[39m
[36m{"level":"verbose","message":"Verbose Message","ms":"+0ms","timestamp":"2024-05-31T16:24:54.715Z"}[39m
[31m{"level":"error","message":"Error Message","ms":"+0ms","timestamp":"2024-05-31T16:24:54.790Z"}[39m
[33m{"level":"warn","message":"Warn Message","ms":"+1ms","timestamp":"2024-05-31T16:24:54.791Z"}[39m
[32m{"level":"info","message":"Info Message","ms":"+1ms","timestamp":"2024-05-31T16:24:54.791Z"}[39m
[32m{"level":"http","message":"HTTP Message","ms":"+0ms","timestamp":"2024-05-31T16:24:54.792Z"}[39m
[34m{"level":"debug","message":"Debug Message","ms":"+0ms","timestamp":"2024-05-31T16:24:54.792Z"}[39m
[36m{"level":"verbose","message":"Verbose Message","ms":"+0ms","timestamp":"2024-05-31T16:24:54.792Z"}[39m
[31m{"level":"error","message":"Error Message","ms":"+0ms","timestamp":"2024-05-31T16:25:07.811Z"}[39m
[33m{"level":"warn","message":"Warn Message","ms":"+2ms","timestamp":"2024-05-31T16:25:07.813Z"}[39m
[32m{"level":"info","message":"Info Message","ms":"+0ms","timestamp":"2024-05-31T16:25:07.813Z"}[39m
[32m{"level":"http","message":"HTTP Message","ms":"+1ms","timestamp":"2024-05-31T16:25:07.814Z"}[39m
[34m{"level":"debug","message":"Debug Message","ms":"+0ms","timestamp":"2024-05-31T16:25:07.814Z"}[39m
[36m{"level":"verbose","message":"Verbose Message","ms":"+0ms","timestamp":"2024-05-31T16:25:07.814Z"}[39m
[31m{"level":"error","message":"Error Message","ms":"+0ms","timestamp":"2024-05-31T16:25:07.876Z"}[39m
[33m{"level":"warn","message":"Warn Message","ms":"+0ms","timestamp":"2024-05-31T16:25:07.876Z"}[39m
[32m{"level":"info","message":"Info Message","ms":"+1ms","timestamp":"2024-05-31T16:25:07.877Z"}[39m
[32m{"level":"http","message":"HTTP Message","ms":"+0ms","timestamp":"2024-05-31T16:25:07.877Z"}[39m
[34m{"level":"debug","message":"Debug Message","ms":"+0ms","timestamp":"2024-05-31T16:25:07.877Z"}[39m
[36m{"level":"verbose","message":"Verbose Message","ms":"+0ms","timestamp":"2024-05-31T16:25:07.877Z"}[39m
[31m{"level":"error","message":"Error Message","ms":"+0ms","timestamp":"2024-05-31T16:25:36.060Z"}[39m
[33m{"level":"warn","message":"Warn Message","ms":"+2ms","timestamp":"2024-05-31T16:25:36.062Z"}[39m
[32m{"level":"info","message":"Info Message","ms":"+0ms","timestamp":"2024-05-31T16:25:36.062Z"}[39m
[32m{"level":"http","message":"HTTP Message","ms":"+0ms","timestamp":"2024-05-31T16:25:36.062Z"}[39m
[34m{"level":"debug","message":"Debug Message","ms":"+0ms","timestamp":"2024-05-31T16:25:36.062Z"}[39m
[36m{"level":"verbose","message":"Verbose Message","ms":"+0ms","timestamp":"2024-05-31T16:25:36.062Z"}[39m
[31m{"level":"error","message":"Error Message","ms":"+0ms","timestamp":"2024-05-31T16:25:36.125Z"}[39m
[33m{"level":"warn","message":"Warn Message","ms":"+2ms","timestamp":"2024-05-31T16:25:36.127Z"}[39m
[32m{"level":"info","message":"Info Message","ms":"+0ms","timestamp":"2024-05-31T16:25:36.127Z"}[39m
[32m{"level":"http","message":"HTTP Message","ms":"+0ms","timestamp":"2024-05-31T16:25:36.127Z"}[39m
[34m{"level":"debug","message":"Debug Message","ms":"+0ms","timestamp":"2024-05-31T16:25:36.127Z"}[39m
[36m{"level":"verbose","message":"Verbose Message","ms":"+0ms","timestamp":"2024-05-31T16:25:36.127Z"}[39m
[31m{"level":"error","message":"Error Message","ms":"+0ms","timestamp":"2024-05-31T16:25:38.796Z"}[39m
[33m{"level":"warn","message":"Warn Message","ms":"+3ms","timestamp":"2024-05-31T16:25:38.799Z"}[39m
[32m{"level":"info","message":"Info Message","ms":"+0ms","timestamp":"2024-05-31T16:25:38.799Z"}[39m
[32m{"level":"http","message":"HTTP Message","ms":"+0ms","timestamp":"2024-05-31T16:25:38.799Z"}[39m
[34m{"level":"debug","message":"Debug Message","ms":"+0ms","timestamp":"2024-05-31T16:25:38.799Z"}[39m
[36m{"level":"verbose","message":"Verbose Message","ms":"+0ms","timestamp":"2024-05-31T16:25:38.799Z"}[39m
[31m{"level":"error","message":"Error Message","ms":"+0ms","timestamp":"2024-05-31T16:25:38.876Z"}[39m
[33m{"level":"warn","message":"Warn Message","ms":"+2ms","timestamp":"2024-05-31T16:25:38.878Z"}[39m
[32m{"level":"info","message":"Info Message","ms":"+0ms","timestamp":"2024-05-31T16:25:38.878Z"}[39m
[32m{"level":"http","message":"HTTP Message","ms":"+0ms","timestamp":"2024-05-31T16:25:38.878Z"}[39m
[34m{"level":"debug","message":"Debug Message","ms":"+0ms","timestamp":"2024-05-31T16:25:38.878Z"}[39m
[36m{"level":"verbose","message":"Verbose Message","ms":"+0ms","timestamp":"2024-05-31T16:25:38.878Z"}[39m
[31m{"level":"error","message":"Error Message","ms":"+0ms","timestamp":"2024-05-31T16:25:39.489Z"}[39m
[33m{"level":"warn","message":"Warn Message","ms":"+3ms","timestamp":"2024-05-31T16:25:39.492Z"}[39m
[32m{"level":"info","message":"Info Message","ms":"+0ms","timestamp":"2024-05-31T16:25:39.492Z"}[39m
[32m{"level":"http","message":"HTTP Message","ms":"+0ms","timestamp":"2024-05-31T16:25:39.492Z"}[39m
[34m{"level":"debug","message":"Debug Message","ms":"+0ms","timestamp":"2024-05-31T16:25:39.492Z"}[39m
[36m{"level":"verbose","message":"Verbose Message","ms":"+0ms","timestamp":"2024-05-31T16:25:39.492Z"}[39m
[31m{"level":"error","message":"Error Message","ms":"+0ms","timestamp":"2024-05-31T16:25:39.562Z"}[39m
[33m{"level":"warn","message":"Warn Message","ms":"+3ms","timestamp":"2024-05-31T16:25:39.565Z"}[39m
[32m{"level":"info","message":"Info Message","ms":"+1ms","timestamp":"2024-05-31T16:25:39.566Z"}[39m
[32m{"level":"http","message":"HTTP Message","ms":"+0ms","timestamp":"2024-05-31T16:25:39.566Z"}[39m
[34m{"level":"debug","message":"Debug Message","ms":"+0ms","timestamp":"2024-05-31T16:25:39.566Z"}[39m
[36m{"level":"verbose","message":"Verbose Message","ms":"+0ms","timestamp":"2024-05-31T16:25:39.566Z"}[39m
[31m{"level":"error","message":"Error Message","ms":"+0ms","timestamp":"2024-05-31T16:25:44.887Z"}[39m
[33m{"level":"warn","message":"Warn Message","ms":"+1ms","timestamp":"2024-05-31T16:25:44.889Z"}[39m
[32m{"level":"info","message":"Info Message","ms":"+0ms","timestamp":"2024-05-31T16:25:44.889Z"}[39m
[32m{"level":"http","message":"HTTP Message","ms":"+0ms","timestamp":"2024-05-31T16:25:44.889Z"}[39m
[34m{"level":"debug","message":"Debug Message","ms":"+0ms","timestamp":"2024-05-31T16:25:44.889Z"}[39m
[36m{"level":"verbose","message":"Verbose Message","ms":"+0ms","timestamp":"2024-05-31T16:25:44.889Z"}[39m
[31m{"level":"error","message":"Error Message","ms":"+0ms","timestamp":"2024-05-31T16:25:44.939Z"}[39m
[33m{"level":"warn","message":"Warn Message","ms":"+1ms","timestamp":"2024-05-31T16:25:44.940Z"}[39m
[32m{"level":"info","message":"Info Message","ms":"+0ms","timestamp":"2024-05-31T16:25:44.940Z"}[39m
[32m{"level":"http","message":"HTTP Message","ms":"+0ms","timestamp":"2024-05-31T16:25:44.940Z"}[39m
[34m{"level":"debug","message":"Debug Message","ms":"+0ms","timestamp":"2024-05-31T16:25:44.940Z"}[39m
[36m{"level":"verbose","message":"Verbose Message","ms":"+0ms","timestamp":"2024-05-31T16:25:44.940Z"}[39m
[31m{"level":"error","message":"Error Message","ms":"+0ms","timestamp":"2024-05-31T16:28:15.829Z"}[39m
[33m{"level":"warn","message":"Warn Message","ms":"+4ms","timestamp":"2024-05-31T16:28:15.833Z"}[39m
[32m{"level":"info","message":"Info Message","ms":"+0ms","timestamp":"2024-05-31T16:28:15.833Z"}[39m
[32m{"level":"http","message":"HTTP Message","ms":"+0ms","timestamp":"2024-05-31T16:28:15.833Z"}[39m
[34m{"level":"debug","message":"Debug Message","ms":"+0ms","timestamp":"2024-05-31T16:28:15.833Z"}[39m
[36m{"level":"verbose","message":"Verbose Message","ms":"+0ms","timestamp":"2024-05-31T16:28:15.833Z"}[39m
[31m{"level":"error","message":"Error Message","ms":"+0ms","timestamp":"2024-05-31T16:28:15.885Z"}[39m
[33m{"level":"warn","message":"Warn Message","ms":"+2ms","timestamp":"2024-05-31T16:28:15.887Z"}[39m
[32m{"level":"info","message":"Info Message","ms":"+0ms","timestamp":"2024-05-31T16:28:15.887Z"}[39m
[32m{"level":"http","message":"HTTP Message","ms":"+1ms","timestamp":"2024-05-31T16:28:15.888Z"}[39m
[34m{"level":"debug","message":"Debug Message","ms":"+0ms","timestamp":"2024-05-31T16:28:15.888Z"}[39m
[36m{"level":"verbose","message":"Verbose Message","ms":"+0ms","timestamp":"2024-05-31T16:28:15.888Z"}[39m
[31m{"level":"error","message":"Error Message","ms":"+0ms","timestamp":"2024-05-31T16:28:32.344Z"}[39m
[33m{"level":"warn","message":"Warn Message","ms":"+1ms","timestamp":"2024-05-31T16:28:32.345Z"}[39m
[32m{"level":"info","message":"Info Message","ms":"+0ms","timestamp":"2024-05-31T16:28:32.345Z"}[39m
[32m{"level":"http","message":"HTTP Message","ms":"+1ms","timestamp":"2024-05-31T16:28:32.346Z"}[39m
[34m{"level":"debug","message":"Debug Message","ms":"+0ms","timestamp":"2024-05-31T16:28:32.346Z"}[39m
[36m{"level":"verbose","message":"Verbose Message","ms":"+0ms","timestamp":"2024-05-31T16:28:32.346Z"}[39m
[31m{"level":"error","message":"Error Message","ms":"+0ms","timestamp":"2024-05-31T16:28:32.425Z"}[39m
[33m{"level":"warn","message":"Warn Message","ms":"+1ms","timestamp":"2024-05-31T16:28:32.426Z"}[39m
[32m{"level":"info","message":"Info Message","ms":"+0ms","timestamp":"2024-05-31T16:28:32.426Z"}[39m
[32m{"level":"http","message":"HTTP Message","ms":"+1ms","timestamp":"2024-05-31T16:28:32.427Z"}[39m
[34m{"level":"debug","message":"Debug Message","ms":"+0ms","timestamp":"2024-05-31T16:28:32.427Z"}[39m
[36m{"level":"verbose","message":"Verbose Message","ms":"+0ms","timestamp":"2024-05-31T16:28:32.427Z"}[39m
[31m{"level":"error","message":"Error Message","ms":"+0ms","timestamp":"2024-05-31T16:28:48.202Z"}[39m
[33m{"level":"warn","message":"Warn Message","ms":"+2ms","timestamp":"2024-05-31T16:28:48.204Z"}[39m
[32m{"level":"info","message":"Info Message","ms":"+0ms","timestamp":"2024-05-31T16:28:48.204Z"}[39m
[32m{"level":"http","message":"HTTP Message","ms":"+0ms","timestamp":"2024-05-31T16:28:48.204Z"}[39m
[34m{"level":"debug","message":"Debug Message","ms":"+1ms","timestamp":"2024-05-31T16:28:48.205Z"}[39m
[36m{"level":"verbose","message":"Verbose Message","ms":"+0ms","timestamp":"2024-05-31T16:28:48.205Z"}[39m
[31m{"level":"error","message":"Error Message","ms":"+0ms","timestamp":"2024-05-31T16:28:48.270Z"}[39m
[33m{"level":"warn","message":"Warn Message","ms":"+1ms","timestamp":"2024-05-31T16:28:48.271Z"}[39m
[32m{"level":"info","message":"Info Message","ms":"+0ms","timestamp":"2024-05-31T16:28:48.271Z"}[39m
[32m{"level":"http","message":"HTTP Message","ms":"+0ms","timestamp":"2024-05-31T16:28:48.271Z"}[39m
[34m{"level":"debug","message":"Debug Message","ms":"+0ms","timestamp":"2024-05-31T16:28:48.271Z"}[39m
[36m{"level":"verbose","message":"Verbose Message","ms":"+0ms","timestamp":"2024-05-31T16:28:48.271Z"}[39m
[31m{"level":"error","message":"Error Message","ms":"+0ms","timestamp":"2024-05-31T16:29:21.656Z"}[39m
[31m{"level":"error","message":"Error Message","ms":"+0ms","timestamp":"2024-05-31T16:29:21.727Z"}[39m
[33m{"level":"warn","message":"Warn Message","ms":"+1ms","timestamp":"2024-05-31T16:29:21.728Z"}[39m
[32m{"level":"info","message":"Info Message","ms":"+0ms","timestamp":"2024-05-31T16:29:21.728Z"}[39m
[32m{"level":"http","message":"HTTP Message","ms":"+0ms","timestamp":"2024-05-31T16:29:21.728Z"}[39m
[34m{"level":"debug","message":"Debug Message","ms":"+0ms","timestamp":"2024-05-31T16:29:21.728Z"}[39m
[36m{"level":"verbose","message":"Verbose Message","ms":"+0ms","timestamp":"2024-05-31T16:29:21.728Z"}[39m
[33m{"level":"warn","message":"Warn Message","ms":"+2ms","timestamp":"2024-05-31T16:29:21.658Z"}[39m
[32m{"level":"info","message":"Info Message","ms":"+0ms","timestamp":"2024-05-31T16:29:21.658Z"}[39m
[32m{"level":"http","message":"HTTP Message","ms":"+0ms","timestamp":"2024-05-31T16:29:21.658Z"}[39m
[34m{"level":"debug","message":"Debug Message","ms":"+0ms","timestamp":"2024-05-31T16:29:21.658Z"}[39m
[36m{"level":"verbose","message":"Verbose Message","ms":"+0ms","timestamp":"2024-05-31T16:29:21.658Z"}[39m
[31m{"level":"error","message":"Error Message","ms":"+0ms","timestamp":"2024-05-31T16:29:48.675Z"}[39m
[31m{"level":"error","message":"Error Message","ms":"+0ms","timestamp":"2024-05-31T16:29:48.741Z"}[39m
[33m{"level":"warn","message":"Warn Message","ms":"+0ms","timestamp":"2024-05-31T16:29:48.741Z"}[39m
[32m{"level":"info","message":"Info Message","ms":"+1ms","timestamp":"2024-05-31T16:29:48.742Z"}[39m
[32m{"level":"http","message":"HTTP Message","ms":"+0ms","timestamp":"2024-05-31T16:29:48.742Z"}[39m
[34m{"level":"debug","message":"Debug Message","ms":"+0ms","timestamp":"2024-05-31T16:29:48.742Z"}[39m
[36m{"level":"verbose","message":"Verbose Message","ms":"+0ms","timestamp":"2024-05-31T16:29:48.742Z"}[39m
[33m{"level":"warn","message":"Warn Message","ms":"+2ms","timestamp":"2024-05-31T16:29:48.677Z"}[39m
[32m{"level":"info","message":"Info Message","ms":"+0ms","timestamp":"2024-05-31T16:29:48.677Z"}[39m
[32m{"level":"http","message":"HTTP Message","ms":"+0ms","timestamp":"2024-05-31T16:29:48.677Z"}[39m
[34m{"level":"debug","message":"Debug Message","ms":"+0ms","timestamp":"2024-05-31T16:29:48.677Z"}[39m
[36m{"level":"verbose","message":"Verbose Message","ms":"+0ms","timestamp":"2024-05-31T16:29:48.677Z"}[39m
[31m{"level":"error","message":"Error Message","ms":"+0ms","timestamp":"2024-05-31T16:31:27.674Z"}[39m
[31m{"level":"error","message":"Error Message","ms":"+0ms","timestamp":"2024-05-31T16:31:27.745Z"}[39m
[33m{"level":"warn","message":"Warn Message","ms":"+1ms","timestamp":"2024-05-31T16:31:27.746Z"}[39m
[32m{"level":"info","message":"Info Message","ms":"+0ms","timestamp":"2024-05-31T16:31:27.746Z"}[39m
[32m{"level":"http","message":"HTTP Message","ms":"+0ms","timestamp":"2024-05-31T16:31:27.746Z"}[39m
[34m{"level":"debug","message":"Debug Message","ms":"+0ms","timestamp":"2024-05-31T16:31:27.746Z"}[39m
[36m{"level":"verbose","message":"Verbose Message","ms":"+0ms","timestamp":"2024-05-31T16:31:27.746Z"}[39m
[33m{"level":"warn","message":"Warn Message","ms":"+2ms","timestamp":"2024-05-31T16:31:27.676Z"}[39m
[32m{"level":"info","message":"Info Message","ms":"+0ms","timestamp":"2024-05-31T16:31:27.676Z"}[39m
[32m{"level":"http","message":"HTTP Message","ms":"+1ms","timestamp":"2024-05-31T16:31:27.677Z"}[39m
[34m{"level":"debug","message":"Debug Message","ms":"+0ms","timestamp":"2024-05-31T16:31:27.677Z"}[39m
[36m{"level":"verbose","message":"Verbose Message","ms":"+0ms","timestamp":"2024-05-31T16:31:27.677Z"}[39m
[31m{"level":"error","message":"Error Message","ms":"+0ms","timestamp":"2024-05-31T16:31:57.019Z"}[39m
[33m{"level":"warn","message":"Warn Message","ms":"+2ms","timestamp":"2024-05-31T16:31:57.021Z"}[39m
[32m{"level":"info","message":"Info Message","ms":"+0ms","timestamp":"2024-05-31T16:31:57.021Z"}[39m
[32m{"level":"http","message":"HTTP Message","ms":"+0ms","timestamp":"2024-05-31T16:31:57.021Z"}[39m
[34m{"level":"debug","message":"Debug Message","ms":"+0ms","timestamp":"2024-05-31T16:31:57.021Z"}[39m
[36m{"level":"verbose","message":"Verbose Message","ms":"+0ms","timestamp":"2024-05-31T16:31:57.021Z"}[39m
[31m{"level":"error","message":"Error Message","ms":"+0ms","timestamp":"2024-05-31T16:31:57.083Z"}[39m
[33m{"level":"warn","message":"Warn Message","ms":"+0ms","timestamp":"2024-05-31T16:31:57.083Z"}[39m
[32m{"level":"info","message":"Info Message","ms":"+1ms","timestamp":"2024-05-31T16:31:57.084Z"}[39m
[32m{"level":"http","message":"HTTP Message","ms":"+0ms","timestamp":"2024-05-31T16:31:57.084Z"}[39m
[34m{"level":"debug","message":"Debug Message","ms":"+0ms","timestamp":"2024-05-31T16:31:57.084Z"}[39m
[36m{"level":"verbose","message":"Verbose Message","ms":"+0ms","timestamp":"2024-05-31T16:31:57.084Z"}[39m
[31m{"level":"error","message":"Error Message","ms":"+0ms","timestamp":"2024-05-31T16:32:40.590Z"}[39m
[33m{"level":"warn","message":"Warn Message","ms":"+1ms","timestamp":"2024-05-31T16:32:40.591Z"}[39m
[32m{"level":"info","message":"Info Message","ms":"+0ms","timestamp":"2024-05-31T16:32:40.591Z"}[39m
[32m{"level":"http","message":"HTTP Message","ms":"+0ms","timestamp":"2024-05-31T16:32:40.591Z"}[39m
[34m{"level":"debug","message":"Debug Message","ms":"+1ms","timestamp":"2024-05-31T16:32:40.592Z"}[39m
[36m{"level":"verbose","message":"Verbose Message","ms":"+0ms","timestamp":"2024-05-31T16:32:40.592Z"}[39m
[31m{"level":"error","message":"Error Message","ms":"+0ms","timestamp":"2024-05-31T16:32:40.661Z"}[39m
[33m{"level":"warn","message":"Warn Message","ms":"+1ms","timestamp":"2024-05-31T16:32:40.662Z"}[39m
[32m{"level":"info","message":"Info Message","ms":"+0ms","timestamp":"2024-05-31T16:32:40.662Z"}[39m
[32m{"level":"http","message":"HTTP Message","ms":"+0ms","timestamp":"2024-05-31T16:32:40.662Z"}[39m
[34m{"level":"debug","message":"Debug Message","ms":"+0ms","timestamp":"2024-05-31T16:32:40.662Z"}[39m
[36m{"level":"verbose","message":"Verbose Message","ms":"+0ms","timestamp":"2024-05-31T16:32:40.662Z"}[39m
[31m{"level":"error","message":"Error Message","ms":"+0ms","timestamp":"2024-05-31T16:32:53.986Z"}[39m
[33m{"level":"warn","message":"Warn Message","ms":"+1ms","timestamp":"2024-05-31T16:32:53.987Z"}[39m
[32m{"level":"info","message":"Info Message","ms":"+1ms","timestamp":"2024-05-31T16:32:53.988Z"}[39m
[32m{"level":"http","message":"HTTP Message","ms":"+0ms","timestamp":"2024-05-31T16:32:53.988Z"}[39m
[34m{"level":"debug","message":"Debug Message","ms":"+0ms","timestamp":"2024-05-31T16:32:53.988Z"}[39m
[36m{"level":"verbose","message":"Verbose Message","ms":"+0ms","timestamp":"2024-05-31T16:32:53.988Z"}[39m
[31m{"level":"error","message":"Error Message","ms":"+0ms","timestamp":"2024-05-31T16:32:54.125Z"}[39m
[33m{"level":"warn","message":"Warn Message","ms":"+1ms","timestamp":"2024-05-31T16:32:54.126Z"}[39m
[32m{"level":"info","message":"Info Message","ms":"+0ms","timestamp":"2024-05-31T16:32:54.126Z"}[39m
[32m{"level":"http","message":"HTTP Message","ms":"+0ms","timestamp":"2024-05-31T16:32:54.126Z"}[39m
[34m{"level":"debug","message":"Debug Message","ms":"+1ms","timestamp":"2024-05-31T16:32:54.127Z"}[39m
[36m{"level":"verbose","message":"Verbose Message","ms":"+0ms","timestamp":"2024-05-31T16:32:54.127Z"}[39m
[31m{"level":"error","message":"Error Message","ms":"+0ms","timestamp":"2024-05-31T16:32:56.997Z"}[39m
[33m{"level":"warn","message":"Warn Message","ms":"+1ms","timestamp":"2024-05-31T16:32:56.998Z"}[39m
[32m{"level":"info","message":"Info Message","ms":"+0ms","timestamp":"2024-05-31T16:32:56.998Z"}[39m
[32m{"level":"http","message":"HTTP Message","ms":"+0ms","timestamp":"2024-05-31T16:32:56.998Z"}[39m
[34m{"level":"debug","message":"Debug Message","ms":"+0ms","timestamp":"2024-05-31T16:32:56.998Z"}[39m
[36m{"level":"verbose","message":"Verbose Message","ms":"+0ms","timestamp":"2024-05-31T16:32:56.998Z"}[39m
[31m{"level":"error","message":"Error Message","ms":"+0ms","timestamp":"2024-05-31T16:32:57.129Z"}[39m
[33m{"level":"warn","message":"Warn Message","ms":"+1ms","timestamp":"2024-05-31T16:32:57.130Z"}[39m
[32m{"level":"info","message":"Info Message","ms":"+0ms","timestamp":"2024-05-31T16:32:57.130Z"}[39m
[32m{"level":"http","message":"HTTP Message","ms":"+0ms","timestamp":"2024-05-31T16:32:57.130Z"}[39m
[34m{"level":"debug","message":"Debug Message","ms":"+0ms","timestamp":"2024-05-31T16:32:57.130Z"}[39m
[36m{"level":"verbose","message":"Verbose Message","ms":"+0ms","timestamp":"2024-05-31T16:32:57.130Z"}[39m
[31m{"level":"error","message":"Error Message","ms":"+0ms","timestamp":"2024-06-01T13:36:29.860Z"}[39m
[33m{"level":"warn","message":"Warn Message","ms":"+2ms","timestamp":"2024-06-01T13:36:29.862Z"}[39m
[32m{"level":"info","message":"Info Message","ms":"+1ms","timestamp":"2024-06-01T13:36:29.863Z"}[39m
[32m{"level":"http","message":"HTTP Message","ms":"+0ms","timestamp":"2024-06-01T13:36:29.863Z"}[39m
[34m{"level":"debug","message":"Debug Message","ms":"+0ms","timestamp":"2024-06-01T13:36:29.863Z"}[39m
[36m{"level":"verbose","message":"Verbose Message","ms":"+0ms","timestamp":"2024-06-01T13:36:29.863Z"}[39m
[31m{"level":"error","message":"Error Message","ms":"+0ms","timestamp":"2024-06-01T13:36:30.441Z"}[39m
[33m{"level":"warn","message":"Warn Message","ms":"+19ms","timestamp":"2024-06-01T13:36:30.461Z"}[39m
[32m{"level":"info","message":"Info Message","ms":"+3ms","timestamp":"2024-06-01T13:36:30.463Z"}[39m
[32m{"level":"http","message":"HTTP Message","ms":"+1ms","timestamp":"2024-06-01T13:36:30.465Z"}[39m
[34m{"level":"debug","message":"Debug Message","ms":"+2ms","timestamp":"2024-06-01T13:36:30.467Z"}[39m
[36m{"level":"verbose","message":"Verbose Message","ms":"+1ms","timestamp":"2024-06-01T13:36:30.468Z"}[39m
